1625488765351	geckodriver	INFO	Listening on 127.0.0.1:52857
1625488765354	mozrunner::runner	INFO	Running command: "/usr/bin/firefox" "--marionette" "-foreground" "-no-remote" "-profile" "/tmp/rust_mozprofileBKWR0A"
1625488765765	Marionette	INFO	Marionette enabled
console.warn: SearchSettings: "get: No settings file exists, new profile?" (new NotFoundError("Could not open the file at /tmp/rust_mozprofileBKWR0A/search.json.mozlz4", (void 0)))
1625488766931	Marionette	INFO	Listening on port 43173
1625488766974	Marionette	WARN	TLS certificate errors will be ignored for this session
1625488856793	Marionette	INFO	Stopped listening on port 43173

###!!! [Parent][RunMessage] Error: Channel closing: too late to send/recv, messages will be lost

1625488898215	geckodriver	INFO	Listening on 127.0.0.1:39995
1625488898219	mozrunner::runner	INFO	Running command: "/usr/bin/firefox" "--marionette" "-foreground" "-no-remote" "-profile" "/tmp/rust_mozprofilehfeCfB"
1625488898616	Marionette	INFO	Marionette enabled
console.warn: SearchSettings: "get: No settings file exists, new profile?" (new NotFoundError("Could not open the file at /tmp/rust_mozprofilehfeCfB/search.json.mozlz4", (void 0)))
1625488899699	Marionette	INFO	Listening on port 43191
1625488899731	Marionette	WARN	TLS certificate errors will be ignored for this session
console.log: WebExtensions: reset-default-search: starting.
console.log: WebExtensions: reset-default-search: No addons in our list are installed.
Exiting due to channel error.
Exiting due to channel error.
Exiting due to channel error.
1625490045883	geckodriver	INFO	Listening on 127.0.0.1:59159
1625490045886	mozrunner::runner	INFO	Running command: "/usr/bin/firefox" "--marionette" "-foreground" "-no-remote" "-profile" "/tmp/rust_mozprofilew1Oovq"
1625490046289	Marionette	INFO	Marionette enabled
console.warn: SearchSettings: "get: No settings file exists, new profile?" (new NotFoundError("Could not open the file at /tmp/rust_mozprofilew1Oovq/search.json.mozlz4", (void 0)))
1625490047462	Marionette	INFO	Listening on port 36537
1625490047502	Marionette	WARN	TLS certificate errors will be ignored for this session
Exiting due to channel error.
Exiting due to channel error.
Exiting due to channel error.
1625490214934	geckodriver	INFO	Listening on 127.0.0.1:35969
1625490214938	mozrunner::runner	INFO	Running command: "/usr/bin/firefox" "--marionette" "-foreground" "-no-remote" "-profile" "/tmp/rust_mozprofile1XkEho"
1625490215320	Marionette	INFO	Marionette enabled
console.warn: SearchSettings: "get: No settings file exists, new profile?" (new NotFoundError("Could not open the file at /tmp/rust_mozprofile1XkEho/search.json.mozlz4", (void 0)))
1625490216405	Marionette	INFO	Listening on port 34769
1625490216451	Marionette	WARN	TLS certificate errors will be ignored for this session
1625490222030	geckodriver	INFO	Listening on 127.0.0.1:44999
1625490223034	mozrunner::runner	INFO	Running command: "/usr/bin/firefox" "--marionette" "-foreground" "-no-remote" "-profile" "/tmp/rust_mozprofileDaFIxy"
1625490223441	Marionette	INFO	Marionette enabled
console.warn: SearchSettings: "get: No settings file exists, new profile?" (new NotFoundError("Could not open the file at /tmp/rust_mozprofileDaFIxy/search.json.mozlz4", (void 0)))
1625490224489	Marionette	INFO	Listening on port 41191
1625490224556	Marionette	WARN	TLS certificate errors will be ignored for this session
Exiting due to channel error.
Exiting due to channel error.
Exiting due to channel error.
Exiting due to channel error.
Exiting due to channel error.
Exiting due to channel error.
1625490504101	geckodriver	INFO	Listening on 127.0.0.1:40461
1625490504105	mozrunner::runner	INFO	Running command: "/usr/bin/firefox" "--marionette" "-foreground" "-no-remote" "-profile" "/tmp/rust_mozprofileEAlQcn"
1625490504483	Marionette	INFO	Marionette enabled
console.warn: SearchSettings: "get: No settings file exists, new profile?" (new NotFoundError("Could not open the file at /tmp/rust_mozprofileEAlQcn/search.json.mozlz4", (void 0)))
1625490505578	Marionette	INFO	Listening on port 33679
1625490505620	Marionette	WARN	TLS certificate errors will be ignored for this session
Exiting due to channel error.
Exiting due to channel error.
Exiting due to channel error.
1625490566636	geckodriver	INFO	Listening on 127.0.0.1:52915
1625490566639	mozrunner::runner	INFO	Running command: "/usr/bin/firefox" "--marionette" "-foreground" "-no-remote" "-profile" "/tmp/rust_mozprofile83RX3K"
1625490567027	Marionette	INFO	Marionette enabled
console.warn: SearchSettings: "get: No settings file exists, new profile?" (new NotFoundError("Could not open the file at /tmp/rust_mozprofile83RX3K/search.json.mozlz4", (void 0)))
1625490568167	Marionette	INFO	Listening on port 39645
1625490568257	Marionette	WARN	TLS certificate errors will be ignored for this session
Exiting due to channel error.
Exiting due to channel error.
Exiting due to channel error.
1625490899257	geckodriver	INFO	Listening on 127.0.0.1:45937
1625490899260	mozrunner::runner	INFO	Running command: "/usr/bin/firefox" "--marionette" "-foreground" "-no-remote" "-profile" "/tmp/rust_mozprofilemiSThI"
1625490899647	Marionette	INFO	Marionette enabled
console.warn: SearchSettings: "get: No settings file exists, new profile?" (new NotFoundError("Could not open the file at /tmp/rust_mozprofilemiSThI/search.json.mozlz4", (void 0)))
1625490900766	Marionette	INFO	Listening on port 33687
1625490900878	Marionette	WARN	TLS certificate errors will be ignored for this session
Exiting due to channel error.
Exiting due to channel error.
Exiting due to channel error.
1625490973073	geckodriver	INFO	Listening on 127.0.0.1:35969
1625490973076	mozrunner::runner	INFO	Running command: "/usr/bin/firefox" "--marionette" "-foreground" "-no-remote" "-profile" "/tmp/rust_mozprofileUiTfnS"
1625490973464	Marionette	INFO	Marionette enabled
console.warn: SearchSettings: "get: No settings file exists, new profile?" (new NotFoundError("Could not open the file at /tmp/rust_mozprofileUiTfnS/search.json.mozlz4", (void 0)))
1625490974496	Marionette	INFO	Listening on port 41839
1625490974593	Marionette	WARN	TLS certificate errors will be ignored for this session
console.log: WebExtensions: reset-default-search: starting.
console.log: WebExtensions: reset-default-search: No addons in our list are installed.
Exiting due to channel error.
Exiting due to channel error.
Exiting due to channel error.
1625491550402	geckodriver	INFO	Listening on 127.0.0.1:46347
1625491550406	mozrunner::runner	INFO	Running command: "/usr/bin/firefox" "--marionette" "-foreground" "-no-remote" "-profile" "/tmp/rust_mozprofilekks4Ty"
1625491550811	Marionette	INFO	Marionette enabled
console.warn: SearchSettings: "get: No settings file exists, new profile?" (new NotFoundError("Could not open the file at /tmp/rust_mozprofilekks4Ty/search.json.mozlz4", (void 0)))
1625491551909	Marionette	INFO	Listening on port 45547
1625491552024	Marionette	WARN	TLS certificate errors will be ignored for this session
Exiting due to channel error.
Exiting due to channel error.
Exiting due to channel error.
1625491670407	geckodriver	INFO	Listening on 127.0.0.1:54173
1625491670411	mozrunner::runner	INFO	Running command: "/usr/bin/firefox" "--marionette" "-foreground" "-no-remote" "-profile" "/tmp/rust_mozprofilefIGjlc"
1625491670806	Marionette	INFO	Marionette enabled
console.warn: SearchSettings: "get: No settings file exists, new profile?" (new NotFoundError("Could not open the file at /tmp/rust_mozprofilefIGjlc/search.json.mozlz4", (void 0)))
1625491671849	Marionette	INFO	Listening on port 35419
1625491671929	Marionette	WARN	TLS certificate errors will be ignored for this session
Exiting due to channel error.
Exiting due to channel error.
Exiting due to channel error.
1625491683136	geckodriver	INFO	Listening on 127.0.0.1:50541
1625491683140	mozrunner::runner	INFO	Running command: "/usr/bin/firefox" "--marionette" "-foreground" "-no-remote" "-profile" "/tmp/rust_mozprofileSyTBXJ"
1625491683518	Marionette	INFO	Marionette enabled
console.warn: SearchSettings: "get: No settings file exists, new profile?" (new NotFoundError("Could not open the file at /tmp/rust_mozprofileSyTBXJ/search.json.mozlz4", (void 0)))
1625491684592	Marionette	INFO	Listening on port 33861
1625491684654	Marionette	WARN	TLS certificate errors will be ignored for this session
Exiting due to channel error.
Exiting due to channel error.
Exiting due to channel error.
1625491798286	geckodriver	INFO	Listening on 127.0.0.1:37047
1625491798289	mozrunner::runner	INFO	Running command: "/usr/bin/firefox" "--marionette" "-foreground" "-no-remote" "-profile" "/tmp/rust_mozprofileTY0fBv"
1625491798671	Marionette	INFO	Marionette enabled
console.warn: SearchSettings: "get: No settings file exists, new profile?" (new NotFoundError("Could not open the file at /tmp/rust_mozprofileTY0fBv/search.json.mozlz4", (void 0)))
1625491799727	Marionette	INFO	Listening on port 38655
1625491799809	Marionette	WARN	TLS certificate errors will be ignored for this session
Exiting due to channel error.
Exiting due to channel error.
Exiting due to channel error.
1625491841315	geckodriver	INFO	Listening on 127.0.0.1:39357
1625491841319	mozrunner::runner	INFO	Running command: "/usr/bin/firefox" "--marionette" "-foreground" "-no-remote" "-profile" "/tmp/rust_mozprofilewI6N0M"
1625491841712	Marionette	INFO	Marionette enabled
console.warn: SearchSettings: "get: No settings file exists, new profile?" (new NotFoundError("Could not open the file at /tmp/rust_mozprofilewI6N0M/search.json.mozlz4", (void 0)))
1625491844037	Marionette	INFO	Listening on port 33761
1625491844135	Marionette	WARN	TLS certificate errors will be ignored for this session
console.log: WebExtensions: reset-default-search: starting.
console.log: WebExtensions: reset-default-search: No addons in our list are installed.
Exiting due to channel error.
Exiting due to channel error.
Exiting due to channel error.
1625492386286	geckodriver	INFO	Listening on 127.0.0.1:58225
1625492386290	mozrunner::runner	INFO	Running command: "/usr/bin/firefox" "--marionette" "-foreground" "-no-remote" "-profile" "/tmp/rust_mozprofileuHzJKR"
1625492386669	Marionette	INFO	Marionette enabled
console.warn: SearchSettings: "get: No settings file exists, new profile?" (new NotFoundError("Could not open the file at /tmp/rust_mozprofileuHzJKR/search.json.mozlz4", (void 0)))
1625492387663	Marionette	INFO	Listening on port 40671
1625492387707	Marionette	WARN	TLS certificate errors will be ignored for this session
Exiting due to channel error.
Exiting due to channel error.
Exiting due to channel error.
1625492442052	geckodriver	INFO	Listening on 127.0.0.1:34167
1625492442056	mozrunner::runner	INFO	Running command: "/usr/bin/firefox" "--marionette" "-foreground" "-no-remote" "-profile" "/tmp/rust_mozprofileWjelID"
1625492442451	Marionette	INFO	Marionette enabled
console.warn: SearchSettings: "get: No settings file exists, new profile?" (new NotFoundError("Could not open the file at /tmp/rust_mozprofileWjelID/search.json.mozlz4", (void 0)))
1625492443511	Marionette	INFO	Listening on port 34961
1625492443574	Marionette	WARN	TLS certificate errors will be ignored for this session
Exiting due to channel error.
Exiting due to channel error.
Exiting due to channel error.
1625492534454	geckodriver	INFO	Listening on 127.0.0.1:60775
1625492534457	mozrunner::runner	INFO	Running command: "/usr/bin/firefox" "--marionette" "-foreground" "-no-remote" "-profile" "/tmp/rust_mozprofileJ3mfCg"
1625492534832	Marionette	INFO	Marionette enabled
console.warn: SearchSettings: "get: No settings file exists, new profile?" (new NotFoundError("Could not open the file at /tmp/rust_mozprofileJ3mfCg/search.json.mozlz4", (void 0)))
1625492537046	Marionette	INFO	Listening on port 34545
1625492537072	Marionette	WARN	TLS certificate errors will be ignored for this session
1625492575531	geckodriver	INFO	Listening on 127.0.0.1:53955
1625492575535	mozrunner::runner	INFO	Running command: "/usr/bin/firefox" "--marionette" "-foreground" "-no-remote" "-profile" "/tmp/rust_mozprofilelkIOw2"
1625492575919	Marionette	INFO	Marionette enabled
Exiting due to channel error.
Exiting due to channel error.
1625492585172	geckodriver	INFO	Listening on 127.0.0.1:49435
1625492585176	mozrunner::runner	INFO	Running command: "/usr/bin/firefox" "--marionette" "-foreground" "-no-remote" "-profile" "/tmp/rust_mozprofilekDRtGl"
1625492585558	Marionette	INFO	Marionette enabled
console.warn: SearchSettings: "get: No settings file exists, new profile?" (new NotFoundError("Could not open the file at /tmp/rust_mozprofilekDRtGl/search.json.mozlz4", (void 0)))
1625492587348	Marionette	INFO	Listening on port 42317
1625492588805	Marionette	WARN	TLS certificate errors will be ignored for this session
1625492598637	geckodriver	INFO	Listening on 127.0.0.1:35501
1625492599641	mozrunner::runner	INFO	Running command: "/usr/bin/firefox" "--marionette" "-foreground" "-no-remote" "-profile" "/tmp/rust_mozprofile8BZAMj"
1625492600007	Marionette	INFO	Marionette enabled
console.warn: SearchSettings: "get: No settings file exists, new profile?" (new NotFoundError("Could not open the file at /tmp/rust_mozprofile8BZAMj/search.json.mozlz4", (void 0)))
1625492601043	Marionette	INFO	Listening on port 39795
1625492601057	Marionette	WARN	TLS certificate errors will be ignored for this session
1625492694792	geckodriver	INFO	Listening on 127.0.0.1:60155
1625492694795	mozrunner::runner	INFO	Running command: "/usr/bin/firefox" "--marionette" "-foreground" "-no-remote" "-profile" "/tmp/rust_mozprofile7DQirq"
1625492695173	Marionette	INFO	Marionette enabled
console.warn: SearchSettings: "get: No settings file exists, new profile?" (new NotFoundError("Could not open the file at /tmp/rust_mozprofile7DQirq/search.json.mozlz4", (void 0)))
1625492696226	Marionette	INFO	Listening on port 43553
1625492696314	Marionette	WARN	TLS certificate errors will be ignored for this session
1625492763967	geckodriver	INFO	Listening on 127.0.0.1:34997
1625492763969	mozrunner::runner	INFO	Running command: "/usr/bin/firefox" "--marionette" "-foreground" "-no-remote" "-profile" "/tmp/rust_mozprofile5rP8Qy"
1625492764347	Marionette	INFO	Marionette enabled
Gdk-Message: 14:46:06.349: /usr/lib/firefox/firefox: Fatal IO error 0 (Success) on X server :0.

Gdk-Message: 14:46:06.349: firefox: Fatal IO error 11 (Resource temporarily unavailable) on X server :0.

Gdk-Message: 14:46:06.349: /usr/lib/firefox/firefox: Fatal IO error 11 (Resource temporarily unavailable) on X server :0.

Gdk-Message: 14:46:06.349: /usr/lib/firefox/firefox: Fatal IO error 11 (Resource temporarily unavailable) on X server :0.

Gdk-Message: 14:46:06.349: /usr/lib/firefox/firefox: Fatal IO error 11 (Resource temporarily unavailable) on X server :0.

[Parent 23177, IPC I/O Parent] WARNING: FileDescriptorSet destroyed with unconsumed descriptors: file /build/firefox-euTJhZ/firefox-89.0.2+build1/ipc/chromium/src/chrome/common/file_descriptor_set_posix.cc:19
[Parent 23177, IPC I/O Parent] WARNING: FileDescriptorSet destroyed with unconsumed descriptors: file /build/firefox-euTJhZ/firefox-89.0.2+build1/ipc/chromium/src/chrome/common/file_descriptor_set_posix.cc:19
[Parent 23177, IPC I/O Parent] WARNING: FileDescriptorSet destroyed with unconsumed descriptors: file /build/firefox-euTJhZ/firefox-89.0.2+build1/ipc/chromium/src/chrome/common/file_descriptor_set_posix.cc:19
[Parent 23177, IPC I/O Parent] WARNING: FileDescriptorSet destroyed with unconsumed descriptors: file /build/firefox-euTJhZ/firefox-89.0.2+build1/ipc/chromium/src/chrome/common/file_descriptor_set_posix.cc:19
[Parent 23177, IPC I/O Parent] WARNING: FileDescriptorSet destroyed with unconsumed descriptors: file /build/firefox-euTJhZ/firefox-89.0.2+build1/ipc/chromium/src/chrome/common/file_descriptor_set_posix.cc:19
[Parent 23177, IPC I/O Parent] WARNING: FileDescriptorSet destroyed with unconsumed descriptors: file /build/firefox-euTJhZ/firefox-89.0.2+build1/ipc/chromium/src/chrome/common/file_descriptor_set_posix.cc:19
[Parent 23177, IPC I/O Parent] WARNING: FileDescriptorSet destroyed with unconsumed descriptors: file /build/firefox-euTJhZ/firefox-89.0.2+build1/ipc/chromium/src/chrome/common/file_descriptor_set_posix.cc:19
1625495403212	geckodriver	INFO	Listening on 127.0.0.1:48183
1625495404207	mozrunner::runner	INFO	Running command: "/usr/bin/firefox" "--marionette" "-foreground" "-no-remote" "-profile" "/tmp/rust_mozprofileAem6a1"
1625495404621	Marionette	INFO	Marionette enabled
console.warn: SearchSettings: "get: No settings file exists, new profile?" (new NotFoundError("Could not open the file at /tmp/rust_mozprofileAem6a1/search.json.mozlz4", (void 0)))
1625495406954	Marionette	INFO	Listening on port 44835
1625495407032	Marionette	WARN	TLS certificate errors will be ignored for this session
Exiting due to channel error.
Exiting due to channel error.
Exiting due to channel error.
1625495709787	geckodriver	INFO	Listening on 127.0.0.1:37005
1625495709790	mozrunner::runner	INFO	Running command: "/usr/bin/firefox" "--marionette" "-foreground" "-no-remote" "-profile" "/tmp/rust_mozprofilewLR6sz"
1625495710179	Marionette	INFO	Marionette enabled
console.warn: SearchSettings: "get: No settings file exists, new profile?" (new NotFoundError("Could not open the file at /tmp/rust_mozprofilewLR6sz/search.json.mozlz4", (void 0)))
1625495711218	Marionette	INFO	Listening on port 42939
1625495711303	Marionette	WARN	TLS certificate errors will be ignored for this session
Exiting due to channel error.
Exiting due to channel error.
Exiting due to channel error.
1625495778778	geckodriver	INFO	Listening on 127.0.0.1:58187
1625495778782	mozrunner::runner	INFO	Running command: "/usr/bin/firefox" "--marionette" "-foreground" "-no-remote" "-profile" "/tmp/rust_mozprofileiX9IIY"
1625495779166	Marionette	INFO	Marionette enabled
console.warn: SearchSettings: "get: No settings file exists, new profile?" (new NotFoundError("Could not open the file at /tmp/rust_mozprofileiX9IIY/search.json.mozlz4", (void 0)))
1625495780232	Marionette	INFO	Listening on port 35751
1625495780297	Marionette	WARN	TLS certificate errors will be ignored for this session
1625495788307	geckodriver	INFO	Listening on 127.0.0.1:35787
1625495789311	mozrunner::runner	INFO	Running command: "/usr/bin/firefox" "--marionette" "-foreground" "-no-remote" "-profile" "/tmp/rust_mozprofileHHrHYf"
1625495789693	Marionette	INFO	Marionette enabled
console.warn: SearchSettings: "get: No settings file exists, new profile?" (new NotFoundError("Could not open the file at /tmp/rust_mozprofileHHrHYf/search.json.mozlz4", (void 0)))
1625495790801	Marionette	INFO	Listening on port 36869
1625495790828	Marionette	WARN	TLS certificate errors will be ignored for this session
JavaScript error: resource://gre/modules/AsyncShutdown.jsm, line 575: NotFoundError: No such JSWindowActor 'MarionetteEvents'
JavaScript error: resource:///modules/FaviconLoader.jsm, line 596: InvalidStateError: JSWindowActorChild.sendAsyncMessage: JSWindowActorChild cannot send at the moment
1625495794181	Marionette	INFO	Stopped listening on port 36869
1625495795119	Marionette	INFO	Stopped listening on port 35751

###!!! [Parent][RunMessage] Error: Channel closing: too late to send/recv, messages will be lost

1625495826504	geckodriver	INFO	Listening on 127.0.0.1:39715
1625495826507	mozrunner::runner	INFO	Running command: "/usr/bin/firefox" "--marionette" "-foreground" "-no-remote" "-profile" "/tmp/rust_mozprofiletsJOqY"
1625495826890	Marionette	INFO	Marionette enabled
console.warn: SearchSettings: "get: No settings file exists, new profile?" (new NotFoundError("Could not open the file at /tmp/rust_mozprofiletsJOqY/search.json.mozlz4", (void 0)))
1625495828028	Marionette	INFO	Listening on port 42135
1625495828121	Marionette	WARN	TLS certificate errors will be ignored for this session
1625495836518	Marionette	INFO	Stopped listening on port 42135

###!!! [Parent][RunMessage] Error: Channel closing: too late to send/recv, messages will be lost

1625495836877	geckodriver	INFO	Listening on 127.0.0.1:36923
1625495837880	mozrunner::runner	INFO	Running command: "/usr/bin/firefox" "--marionette" "-foreground" "-no-remote" "-profile" "/tmp/rust_mozprofileiupR1Z"
1625495838262	Marionette	INFO	Marionette enabled
console.warn: SearchSettings: "get: No settings file exists, new profile?" (new NotFoundError("Could not open the file at /tmp/rust_mozprofileiupR1Z/search.json.mozlz4", (void 0)))
1625495839298	Marionette	INFO	Listening on port 44403
1625495839393	Marionette	WARN	TLS certificate errors will be ignored for this session
1625495844692	Marionette	INFO	Stopped listening on port 44403

###!!! [Parent][RunMessage] Error: Channel closing: too late to send/recv, messages will be lost

1625495845044	geckodriver	INFO	Listening on 127.0.0.1:44607
1625495846048	mozrunner::runner	INFO	Running command: "/usr/bin/firefox" "--marionette" "-foreground" "-no-remote" "-profile" "/tmp/rust_mozprofileOAnCXz"
1625495846440	Marionette	INFO	Marionette enabled
console.warn: SearchSettings: "get: No settings file exists, new profile?" (new NotFoundError("Could not open the file at /tmp/rust_mozprofileOAnCXz/search.json.mozlz4", (void 0)))
1625495847473	Marionette	INFO	Listening on port 45199
1625495847561	Marionette	WARN	TLS certificate errors will be ignored for this session
Exiting due to channel error.
Exiting due to channel error.
Exiting due to channel error.
1625495939549	geckodriver	INFO	Listening on 127.0.0.1:53985
1625495939552	mozrunner::runner	INFO	Running command: "/usr/bin/firefox" "--marionette" "-foreground" "-no-remote" "-profile" "/tmp/rust_mozprofiletLP8QG"
1625495939943	Marionette	INFO	Marionette enabled
console.warn: SearchSettings: "get: No settings file exists, new profile?" (new NotFoundError("Could not open the file at /tmp/rust_mozprofiletLP8QG/search.json.mozlz4", (void 0)))
1625495940963	Marionette	INFO	Listening on port 42791
1625495941070	Marionette	WARN	TLS certificate errors will be ignored for this session
1625495961111	Marionette	INFO	Stopped listening on port 42791

###!!! [Parent][RunMessage] Error: Channel closing: too late to send/recv, messages will be lost

1625496106520	geckodriver	INFO	Listening on 127.0.0.1:45461
1625496106524	mozrunner::runner	INFO	Running command: "/usr/bin/firefox" "--marionette" "-foreground" "-no-remote" "-profile" "/tmp/rust_mozprofileoKfnEO"
1625496106918	Marionette	INFO	Marionette enabled
console.warn: SearchSettings: "get: No settings file exists, new profile?" (new NotFoundError("Could not open the file at /tmp/rust_mozprofileoKfnEO/search.json.mozlz4", (void 0)))
1625496107972	Marionette	INFO	Listening on port 40629
1625496108043	Marionette	WARN	TLS certificate errors will be ignored for this session
1625496127536	Marionette	INFO	Stopped listening on port 40629

###!!! [Parent][RunMessage] Error: Channel closing: too late to send/recv, messages will be lost

1625496169287	geckodriver	INFO	Listening on 127.0.0.1:45061
1625496169290	mozrunner::runner	INFO	Running command: "/usr/bin/firefox" "--marionette" "-foreground" "-no-remote" "-profile" "/tmp/rust_mozprofile1nWb20"
1625496169674	Marionette	INFO	Marionette enabled
console.warn: SearchSettings: "get: No settings file exists, new profile?" (new NotFoundError("Could not open the file at /tmp/rust_mozprofile1nWb20/search.json.mozlz4", (void 0)))
1625496170809	Marionette	INFO	Listening on port 42799
1625496170908	Marionette	WARN	TLS certificate errors will be ignored for this session
1625496195979	Marionette	INFO	Stopped listening on port 42799

###!!! [Parent][RunMessage] Error: Channel closing: too late to send/recv, messages will be lost

1625496320209	geckodriver	INFO	Listening on 127.0.0.1:60219
1625496320212	mozrunner::runner	INFO	Running command: "/usr/bin/firefox" "--marionette" "-foreground" "-no-remote" "-profile" "/tmp/rust_mozprofileJ9u5je"
1625496320618	Marionette	INFO	Marionette enabled
console.warn: SearchSettings: "get: No settings file exists, new profile?" (new NotFoundError("Could not open the file at /tmp/rust_mozprofileJ9u5je/search.json.mozlz4", (void 0)))
1625496321650	Marionette	INFO	Listening on port 34429
1625496321728	Marionette	WARN	TLS certificate errors will be ignored for this session
1625496350969	Marionette	INFO	Stopped listening on port 34429

###!!! [Parent][RunMessage] Error: Channel closing: too late to send/recv, messages will be lost

1625496384840	geckodriver	INFO	Listening on 127.0.0.1:42835
1625496384842	mozrunner::runner	INFO	Running command: "/usr/bin/firefox" "--marionette" "-foreground" "-no-remote" "-profile" "/tmp/rust_mozprofile9jPUPT"
1625496385230	Marionette	INFO	Marionette enabled
console.warn: SearchSettings: "get: No settings file exists, new profile?" (new NotFoundError("Could not open the file at /tmp/rust_mozprofile9jPUPT/search.json.mozlz4", (void 0)))
1625496386307	Marionette	INFO	Listening on port 32789
1625496386360	Marionette	WARN	TLS certificate errors will be ignored for this session
1625496415614	Marionette	INFO	Stopped listening on port 32789

###!!! [Parent][RunMessage] Error: Channel closing: too late to send/recv, messages will be lost

1625496588087	geckodriver	INFO	Listening on 127.0.0.1:41163
1625496588089	mozrunner::runner	INFO	Running command: "/usr/bin/firefox" "--marionette" "-foreground" "-no-remote" "-profile" "/tmp/rust_mozprofile57y4o7"
1625496588465	Marionette	INFO	Marionette enabled
console.warn: SearchSettings: "get: No settings file exists, new profile?" (new NotFoundError("Could not open the file at /tmp/rust_mozprofile57y4o7/search.json.mozlz4", (void 0)))
1625496589452	Marionette	INFO	Listening on port 35483
1625496589515	Marionette	WARN	TLS certificate errors will be ignored for this session
1625496610434	Marionette	INFO	Stopped listening on port 35483

###!!! [Parent][RunMessage] Error: Channel closing: too late to send/recv, messages will be lost

1625498682874	geckodriver	INFO	Listening on 127.0.0.1:50983
1625498682877	mozrunner::runner	INFO	Running command: "/usr/bin/firefox" "--marionette" "-foreground" "-no-remote" "-profile" "/tmp/rust_mozprofileqH2IWH"
1625498683259	Marionette	INFO	Marionette enabled
console.warn: SearchSettings: "get: No settings file exists, new profile?" (new NotFoundError("Could not open the file at /tmp/rust_mozprofileqH2IWH/search.json.mozlz4", (void 0)))
1625498685299	Marionette	INFO	Listening on port 34803
1625498685397	Marionette	WARN	TLS certificate errors will be ignored for this session
1625498709494	Marionette	INFO	Stopped listening on port 34803

###!!! [Parent][RunMessage] Error: Channel closing: too late to send/recv, messages will be lost

1625498752074	geckodriver	INFO	Listening on 127.0.0.1:57425
1625498752077	mozrunner::runner	INFO	Running command: "/usr/bin/firefox" "--marionette" "-foreground" "-no-remote" "-profile" "/tmp/rust_mozprofilelKXDc9"
1625498752446	Marionette	INFO	Marionette enabled
console.warn: SearchSettings: "get: No settings file exists, new profile?" (new NotFoundError("Could not open the file at /tmp/rust_mozprofilelKXDc9/search.json.mozlz4", (void 0)))
1625498753895	Marionette	INFO	Listening on port 41269
1625498755400	Marionette	WARN	TLS certificate errors will be ignored for this session
1625498782329	Marionette	INFO	Stopped listening on port 41269

###!!! [Parent][RunMessage] Error: Channel closing: too late to send/recv, messages will be lost

1625498975508	geckodriver	INFO	Listening on 127.0.0.1:43857
1625498975511	mozrunner::runner	INFO	Running command: "/usr/bin/firefox" "--marionette" "-foreground" "-no-remote" "-profile" "/tmp/rust_mozprofileJLiDag"
1625498975893	Marionette	INFO	Marionette enabled
console.warn: SearchSettings: "get: No settings file exists, new profile?" (new NotFoundError("Could not open the file at /tmp/rust_mozprofileJLiDag/search.json.mozlz4", (void 0)))
1625498976932	Marionette	INFO	Listening on port 36491
1625498977029	Marionette	WARN	TLS certificate errors will be ignored for this session
1625499008451	Marionette	INFO	Stopped listening on port 36491

###!!! [Parent][RunMessage] Error: Channel closing: too late to send/recv, messages will be lost

1625499465541	geckodriver	INFO	Listening on 127.0.0.1:45673
1625499465545	mozrunner::runner	INFO	Running command: "/usr/bin/firefox" "--marionette" "-foreground" "-no-remote" "-profile" "/tmp/rust_mozprofilejLuWnA"
1625499465933	Marionette	INFO	Marionette enabled
console.warn: SearchSettings: "get: No settings file exists, new profile?" (new NotFoundError("Could not open the file at /tmp/rust_mozprofilejLuWnA/search.json.mozlz4", (void 0)))
1625499466952	Marionette	INFO	Listening on port 44119
1625499467062	Marionette	WARN	TLS certificate errors will be ignored for this session
1625499492819	Marionette	INFO	Stopped listening on port 44119

###!!! [Parent][RunMessage] Error: Channel closing: too late to send/recv, messages will be lost

1625499509850	geckodriver	INFO	Listening on 127.0.0.1:36195
1625499509853	mozrunner::runner	INFO	Running command: "/usr/bin/firefox" "--marionette" "-foreground" "-no-remote" "-profile" "/tmp/rust_mozprofileA9XxIp"
1625499510254	Marionette	INFO	Marionette enabled
console.warn: SearchSettings: "get: No settings file exists, new profile?" (new NotFoundError("Could not open the file at /tmp/rust_mozprofileA9XxIp/search.json.mozlz4", (void 0)))
1625499511297	Marionette	INFO	Listening on port 38115
1625499511369	Marionette	WARN	TLS certificate errors will be ignored for this session
1625499532399	Marionette	INFO	Stopped listening on port 38115

###!!! [Parent][RunMessage] Error: Channel closing: too late to send/recv, messages will be lost

1625499610414	geckodriver	INFO	Listening on 127.0.0.1:47221
1625499610418	mozrunner::runner	INFO	Running command: "/usr/bin/firefox" "--marionette" "-foreground" "-no-remote" "-profile" "/tmp/rust_mozprofileccotzq"
1625499610801	Marionette	INFO	Marionette enabled
console.warn: SearchSettings: "get: No settings file exists, new profile?" (new NotFoundError("Could not open the file at /tmp/rust_mozprofileccotzq/search.json.mozlz4", (void 0)))
1625499611887	Marionette	INFO	Listening on port 43413
1625499611933	Marionette	WARN	TLS certificate errors will be ignored for this session
1625499630763	Marionette	INFO	Stopped listening on port 43413

###!!! [Parent][RunMessage] Error: Channel closing: too late to send/recv, messages will be lost

1625499666973	geckodriver	INFO	Listening on 127.0.0.1:56837
1625499666977	mozrunner::runner	INFO	Running command: "/usr/bin/firefox" "--marionette" "-foreground" "-no-remote" "-profile" "/tmp/rust_mozprofilei5PbfY"
1625499667361	Marionette	INFO	Marionette enabled
console.warn: SearchSettings: "get: No settings file exists, new profile?" (new NotFoundError("Could not open the file at /tmp/rust_mozprofilei5PbfY/search.json.mozlz4", (void 0)))
1625499668474	Marionette	INFO	Listening on port 33813
1625499668497	Marionette	WARN	TLS certificate errors will be ignored for this session
1625499684258	Marionette	INFO	Stopped listening on port 33813

###!!! [Parent][RunMessage] Error: Channel closing: too late to send/recv, messages will be lost

1625499808550	geckodriver	INFO	Listening on 127.0.0.1:54313
1625499808553	mozrunner::runner	INFO	Running command: "/usr/bin/firefox" "--marionette" "-foreground" "-no-remote" "-profile" "/tmp/rust_mozprofileVnYKDt"
1625499808953	Marionette	INFO	Marionette enabled
console.warn: SearchSettings: "get: No settings file exists, new profile?" (new NotFoundError("Could not open the file at /tmp/rust_mozprofileVnYKDt/search.json.mozlz4", (void 0)))
1625499810082	Marionette	INFO	Listening on port 45305
1625499810174	Marionette	WARN	TLS certificate errors will be ignored for this session
1625499830257	Marionette	INFO	Stopped listening on port 45305

###!!! [Parent][RunMessage] Error: Channel closing: too late to send/recv, messages will be lost

1625499939716	geckodriver	INFO	Listening on 127.0.0.1:39383
1625499939719	mozrunner::runner	INFO	Running command: "/usr/bin/firefox" "--marionette" "-foreground" "-no-remote" "-profile" "/tmp/rust_mozprofile6ph37g"
1625499940096	Marionette	INFO	Marionette enabled
console.warn: SearchSettings: "get: No settings file exists, new profile?" (new NotFoundError("Could not open the file at /tmp/rust_mozprofile6ph37g/search.json.mozlz4", (void 0)))
1625499941175	Marionette	INFO	Listening on port 35035
1625499941238	Marionette	WARN	TLS certificate errors will be ignored for this session
1625500041118	Marionette	INFO	Stopped listening on port 35035

###!!! [Parent][RunMessage] Error: Channel closing: too late to send/recv, messages will be lost

1625501228949	geckodriver	INFO	Listening on 127.0.0.1:41601
1625501228953	mozrunner::runner	INFO	Running command: "/usr/bin/firefox" "--marionette" "-foreground" "-no-remote" "-profile" "/tmp/rust_mozprofileGzz6Es"
1625501229339	Marionette	INFO	Marionette enabled
console.warn: SearchSettings: "get: No settings file exists, new profile?" (new NotFoundError("Could not open the file at /tmp/rust_mozprofileGzz6Es/search.json.mozlz4", (void 0)))
1625501230381	Marionette	INFO	Listening on port 44939
1625501230472	Marionette	WARN	TLS certificate errors will be ignored for this session
1625501237330	geckodriver	INFO	Listening on 127.0.0.1:57695
1625501238333	mozrunner::runner	INFO	Running command: "/usr/bin/firefox" "--marionette" "-foreground" "-no-remote" "-profile" "/tmp/rust_mozprofileaBWA60"
1625501238746	Marionette	INFO	Marionette enabled
console.warn: SearchSettings: "get: No settings file exists, new profile?" (new NotFoundError("Could not open the file at /tmp/rust_mozprofileaBWA60/search.json.mozlz4", (void 0)))
1625501239807	Marionette	INFO	Listening on port 46601
1625501239847	Marionette	WARN	TLS certificate errors will be ignored for this session
console.log: WebExtensions: reset-default-search: starting.
console.log: WebExtensions: reset-default-search: No addons in our list are installed.
console.log: WebExtensions: reset-default-search: starting.
console.log: WebExtensions: reset-default-search: No addons in our list are installed.
1625503543701	Marionette	INFO	Stopped listening on port 44939

###!!! [Parent][RunMessage] Error: Channel closing: too late to send/recv, messages will be lost

1625503543957	Marionette	INFO	Stopped listening on port 46601
1635156200232	geckodriver	INFO	Listening on 127.0.0.1:58171
1635156200236	mozrunner::runner	INFO	Running command: "/usr/bin/firefox" "--marionette" "-foreground" "-no-remote" "-profile" "/tmp/rust_mozprofilezJ9RGq"
1635156200852	Marionette	INFO	Marionette enabled
console.warn: SearchSettings: "get: No settings file exists, new profile?" (new NotFoundError("Could not open the file at /tmp/rust_mozprofilezJ9RGq/search.json.mozlz4", (void 0)))
1635156202742	Marionette	INFO	Listening on port 37333
1635156202855	RemoteAgent	WARN	TLS certificate errors will be ignored for this session
1635156208244	geckodriver	INFO	Listening on 127.0.0.1:49485
1635156209247	mozrunner::runner	INFO	Running command: "/usr/bin/firefox" "--marionette" "-foreground" "-no-remote" "-profile" "/tmp/rust_mozprofile95OArz"
1635156209858	Marionette	INFO	Marionette enabled
console.warn: SearchSettings: "get: No settings file exists, new profile?" (new NotFoundError("Could not open the file at /tmp/rust_mozprofile95OArz/search.json.mozlz4", (void 0)))
1635156210767	Marionette	INFO	Listening on port 38913
1635156210865	RemoteAgent	WARN	TLS certificate errors will be ignored for this session
1635156527081	Marionette	INFO	Stopped listening on port 37333
JavaScript error: resource:///modules/Interactions.jsm, line 201: NS_ERROR_FAILURE: Component returned failure code: 0x80004005 (NS_ERROR_FAILURE) [nsIUserIdleService.removeIdleObserver]

###!!! [Parent][RunMessage] Error: Channel closing: too late to send/recv, messages will be lost

1635156527335	Marionette	INFO	Stopped listening on port 38913
JavaScript error: resource:///modules/Interactions.jsm, line 201: NS_ERROR_FAILURE: Component returned failure code: 0x80004005 (NS_ERROR_FAILURE) [nsIUserIdleService.removeIdleObserver]

###!!! [Parent][RunMessage] Error: Channel closing: too late to send/recv, messages will be lost

1635156966393	geckodriver	INFO	Listening on 127.0.0.1:37433
1635156966397	mozrunner::runner	INFO	Running command: "/usr/bin/firefox" "--marionette" "-foreground" "-no-remote" "-profile" "/tmp/rust_mozprofile4rr62N"
1635156966995	Marionette	INFO	Marionette enabled
console.warn: SearchSettings: "get: No settings file exists, new profile?" (new NotFoundError("Could not open the file at /tmp/rust_mozprofile4rr62N/search.json.mozlz4", (void 0)))
1635156970114	Marionette	INFO	Listening on port 44339
1635156970413	RemoteAgent	WARN	TLS certificate errors will be ignored for this session
1635156976506	geckodriver	INFO	Listening on 127.0.0.1:46063
1635156977510	mozrunner::runner	INFO	Running command: "/usr/bin/firefox" "--marionette" "-foreground" "-no-remote" "-profile" "/tmp/rust_mozprofileqe4c7a"
1635156978116	Marionette	INFO	Marionette enabled
console.warn: SearchSettings: "get: No settings file exists, new profile?" (new NotFoundError("Could not open the file at /tmp/rust_mozprofileqe4c7a/search.json.mozlz4", (void 0)))
1635156978965	Marionette	INFO	Listening on port 41821
1635156979030	RemoteAgent	WARN	TLS certificate errors will be ignored for this session
console.log: WebExtensions: reset-default-search: starting.
console.log: WebExtensions: reset-default-search: No addons in our list are installed.
console.log: WebExtensions: reset-default-search: starting.
console.log: WebExtensions: reset-default-search: No addons in our list are installed.
Exiting due to channel error.
Exiting due to channel error.
Exiting due to channel error.
Exiting due to channel error.
Exiting due to channel error.
Exiting due to channel error.
1635157402604	geckodriver	INFO	Listening on 127.0.0.1:54273
1635157402608	mozrunner::runner	INFO	Running command: "/usr/bin/firefox" "--marionette" "-foreground" "-no-remote" "-profile" "/tmp/rust_mozprofileEAnOeS"
1635157403174	Marionette	INFO	Marionette enabled
console.warn: SearchSettings: "get: No settings file exists, new profile?" (new NotFoundError("Could not open the file at /tmp/rust_mozprofileEAnOeS/search.json.mozlz4", (void 0)))
1635157404045	Marionette	INFO	Listening on port 41917
1635157404131	RemoteAgent	WARN	TLS certificate errors will be ignored for this session
1635157409488	geckodriver	INFO	Listening on 127.0.0.1:35777
1635157410492	mozrunner::runner	INFO	Running command: "/usr/bin/firefox" "--marionette" "-foreground" "-no-remote" "-profile" "/tmp/rust_mozprofileP54xGl"
1635157411114	Marionette	INFO	Marionette enabled
console.warn: SearchSettings: "get: No settings file exists, new profile?" (new NotFoundError("Could not open the file at /tmp/rust_mozprofileP54xGl/search.json.mozlz4", (void 0)))
1635157412097	Marionette	INFO	Listening on port 37911
1635157412211	RemoteAgent	WARN	TLS certificate errors will be ignored for this session
1635157439316	Marionette	INFO	Stopped listening on port 41917
JavaScript error: resource:///modules/Interactions.jsm, line 201: NS_ERROR_FAILURE: Component returned failure code: 0x80004005 (NS_ERROR_FAILURE) [nsIUserIdleService.removeIdleObserver]

###!!! [Parent][RunMessage] Error: Channel closing: too late to send/recv, messages will be lost

1635157439684	Marionette	INFO	Stopped listening on port 37911
JavaScript error: resource:///modules/Interactions.jsm, line 201: NS_ERROR_FAILURE: Component returned failure code: 0x80004005 (NS_ERROR_FAILURE) [nsIUserIdleService.removeIdleObserver]
1635157749043	geckodriver	INFO	Listening on 127.0.0.1:36497
1635157749046	mozrunner::runner	INFO	Running command: "/usr/bin/firefox" "--marionette" "-foreground" "-no-remote" "-profile" "/tmp/rust_mozprofilezrKIUY"
1635157749646	Marionette	INFO	Marionette enabled
console.warn: SearchSettings: "get: No settings file exists, new profile?" (new NotFoundError("Could not open the file at /tmp/rust_mozprofilezrKIUY/search.json.mozlz4", (void 0)))
1635157750528	Marionette	INFO	Listening on port 34649
1635157750564	RemoteAgent	WARN	TLS certificate errors will be ignored for this session
1635157757523	geckodriver	INFO	Listening on 127.0.0.1:39679
1635157758527	mozrunner::runner	INFO	Running command: "/usr/bin/firefox" "--marionette" "-foreground" "-no-remote" "-profile" "/tmp/rust_mozprofileyLjd70"
1635157759175	Marionette	INFO	Marionette enabled
console.warn: SearchSettings: "get: No settings file exists, new profile?" (new NotFoundError("Could not open the file at /tmp/rust_mozprofileyLjd70/search.json.mozlz4", (void 0)))
1635157759943	Marionette	INFO	Listening on port 37069
1635157760043	RemoteAgent	WARN	TLS certificate errors will be ignored for this session
1635157785123	Marionette	INFO	Stopped listening on port 34649
JavaScript error: resource:///modules/Interactions.jsm, line 201: NS_ERROR_FAILURE: Component returned failure code: 0x80004005 (NS_ERROR_FAILURE) [nsIUserIdleService.removeIdleObserver]

###!!! [Parent][RunMessage] Error: Channel closing: too late to send/recv, messages will be lost

1635157785484	Marionette	INFO	Stopped listening on port 37069
JavaScript error: resource:///modules/Interactions.jsm, line 201: NS_ERROR_FAILURE: Component returned failure code: 0x80004005 (NS_ERROR_FAILURE) [nsIUserIdleService.removeIdleObserver]

###!!! [Parent][RunMessage] Error: Channel closing: too late to send/recv, messages will be lost

1635158020306	geckodriver	INFO	Listening on 127.0.0.1:36795
1635158020309	mozrunner::runner	INFO	Running command: "/usr/bin/firefox" "--marionette" "-foreground" "-no-remote" "-profile" "/tmp/rust_mozprofileqE5MWY"
1635158020907	Marionette	INFO	Marionette enabled
console.warn: SearchSettings: "get: No settings file exists, new profile?" (new NotFoundError("Could not open the file at /tmp/rust_mozprofileqE5MWY/search.json.mozlz4", (void 0)))
1635158021721	Marionette	INFO	Listening on port 44083
1635158021825	RemoteAgent	WARN	TLS certificate errors will be ignored for this session
1635158026787	geckodriver	INFO	Listening on 127.0.0.1:52495
1635158027791	mozrunner::runner	INFO	Running command: "/usr/bin/firefox" "--marionette" "-foreground" "-no-remote" "-profile" "/tmp/rust_mozprofileWbIDKV"
1635158028409	Marionette	INFO	Marionette enabled
console.warn: SearchSettings: "get: No settings file exists, new profile?" (new NotFoundError("Could not open the file at /tmp/rust_mozprofileWbIDKV/search.json.mozlz4", (void 0)))
1635158029326	Marionette	INFO	Listening on port 42465
1635158029409	RemoteAgent	WARN	TLS certificate errors will be ignored for this session
1635158099461	Marionette	INFO	Stopped listening on port 44083
JavaScript error: resource:///modules/Interactions.jsm, line 201: NS_ERROR_FAILURE: Component returned failure code: 0x80004005 (NS_ERROR_FAILURE) [nsIUserIdleService.removeIdleObserver]

###!!! [Parent][RunMessage] Error: Channel closing: too late to send/recv, messages will be lost

1635158099821	Marionette	INFO	Stopped listening on port 42465
JavaScript error: resource:///modules/Interactions.jsm, line 201: NS_ERROR_FAILURE: Component returned failure code: 0x80004005 (NS_ERROR_FAILURE) [nsIUserIdleService.removeIdleObserver]

###!!! [Parent][RunMessage] Error: Channel closing: too late to send/recv, messages will be lost

